<?xml version="1.0" encoding="UTF-8"?>
<!-- Generated by org.testng.reporters.JUnitReportReporter -->
<testsuite hostname="LAPTOP-6U2VOD8R" failures="0" tests="1" name="test.AddCustomerTest" time="7.264" errors="0" timestamp="2023-05-04T02:55:06 CDT" skipped="0">
  <testcase classname="test.AddCustomerTest" name="userShouldBeAbleToAddCustomer" time="7.264"/>
  <system-out/>
</testsuite> <!-- test.AddCustomerTest -->
