<?xml version="1.0" encoding="UTF-8"?>
<!-- Generated by org.testng.reporters.JUnitReportReporter -->
<testsuite hostname="LAPTOP-6U2VOD8R" failures="0" tests="1" name="util.BrowserFactory" time="7.287" errors="0" timestamp="2023-05-02T17:17:35 CDT" skipped="0">
  <testcase classname="util.BrowserFactory" name="init" time="7.287"/>
  <system-out/>
</testsuite> <!-- util.BrowserFactory -->
