<?xml version="1.0" encoding="UTF-8"?>
<!-- Generated by org.testng.reporters.JUnitReportReporter -->
<testsuite hostname="LAPTOP-6U2VOD8R" failures="0" tests="1" name="test.LoginTest" time="8.378" errors="0" timestamp="2023-05-03T22:41:43 CDT" skipped="0">
  <testcase classname="test.LoginTest" name="ValiduserShouldBeAbleToLogin" time="8.378"/>
  <system-out/>
</testsuite> <!-- test.LoginTest -->
